6.12    ToDoList    (lastest)
    原子物理学复习
    宇宙探秘报告
    模电实验报告
6.13    ToDoList
    模电实验报告
    原子物理学复习
    宇宙探秘报告
6.13    CheckList
    《原子物理学》复习1-2章
    实践报告完成
    获得考研资料一份
6.14    ToDoList
    模电实验报告
    宇宙探秘报告
    数物作业
    毛概作业
    原子物理学复习
    整理实验室东西
6.14    CheckList
    ubuntu添加dairy
    模电实验报告完成
    数物作业完成
    毛概作业完成
    原子物理学复习到第3章
6.15    ToDoList
    原子物理学复习4-5章
    数物作业
    宇宙探秘报告
    整理实验室东西
6.16    CheckList
    原子物理学复习到第五章
    模电对讲机完成
6.16    ToDoList
    数物作业
    理论力学复习一章
    修理鼠标
    考6级
6.16    CheckList
    鼠标修理好了（没电了）
    对讲机基本好了
    实验室搬家成功
    电脑落户寝室
    ６级结束
6.17    ToDoList
    原子物理复习6-7章
    理论力学复习一章
    数物作业
6.17    CheckList
    毕业设计完成
    理论力学搬完
